<?xml version="1.0" encoding="UTF-8"?>
<!-- Generated by org.testng.reporters.JUnitReportReporter -->
<testsuite skipped="0" hostname="Elhossary" name="runners.TestRunner" tests="9" failures="0" timestamp="2022-12-28T19:32:23 EET" time="9.415" errors="0">
  <testcase name="runScenario" time="0.470" classname="runners.TestRunner"/>
  <system-out/>
  <testcase name="runScenario" time="0.681" classname="runners.TestRunner"/>
  <system-out/>
  <testcase name="runScenario" time="0.545" classname="runners.TestRunner"/>
  <system-out/>
  <testcase name="runScenario" time="0.527" classname="runners.TestRunner"/>
  <system-out/>
  <testcase name="runScenario" time="1.134" classname="runners.TestRunner"/>
  <system-out/>
  <testcase name="runScenario" time="3.969" classname="runners.TestRunner"/>
  <system-out/>
  <testcase name="runScenario" time="0.584" classname="runners.TestRunner"/>
  <system-out/>
  <testcase name="runScenario" time="0.923" classname="runners.TestRunner"/>
  <system-out/>
  <testcase name="runScenario" time="0.582" classname="runners.TestRunner"/>
  <system-out/>
</testsuite> <!-- runners.TestRunner -->
